0 info it worked if it ends with ok
1 verbose cli [ 'node', '/usr/bin/npm', 'install' ]
2 info using npm@2.12.0
3 info using node@v0.10.37
4 verbose node symlink /usr/bin/node
5 verbose readDependencies loading dependencies from /home/cicc/cs-drools/drools-demo-wildfly/drools-demo-app/package.json
6 error install Couldn't read dependencies
7 verbose stack Error: ENOENT, open '/home/cicc/cs-drools/drools-demo-wildfly/drools-demo-app/package.json'
8 verbose cwd /home/cicc/cs-drools/drools-demo-wildfly/drools-demo-app
9 error Linux 3.16.0-50-generic
10 error argv "node" "/usr/bin/npm" "install"
11 error node v0.10.37
12 error npm  v2.12.0
13 error path /home/cicc/cs-drools/drools-demo-wildfly/drools-demo-app/package.json
14 error code ENOPACKAGEJSON
15 error errno 34
16 error package.json ENOENT, open '/home/cicc/cs-drools/drools-demo-wildfly/drools-demo-app/package.json'
16 error package.json This is most likely not a problem with npm itself.
16 error package.json npm can't find a package.json file in your current directory.
17 verbose exit [ 34, true ]
